<?xml version="1.0" encoding="UTF-8"?>
<!-- Generated by org.testng.reporters.JUnitXMLReporter -->
<testsuite hostname="LIN16003193" name="Default test" tests="2" failures="0" timestamp="30 Oct 2015 09:19:39 GMT" time="18.552" errors="0">
  <testcase name="testGoogle" time="5.335" classname="com.sogeti.webshop.tests.acceptance.SearchAcceptanceTest"/>
  <testcase name="testHomePageLoad" time="4.311" classname="com.sogeti.webshop.tests.acceptance.HomePageAcceptanceTest"/>
</testsuite> <!-- Default test -->
