<?xml version="1.0" encoding="UTF-8"?>
<testng-results skipped="0" failed="0" total="2" passed="2">
  <reporter-output>
  </reporter-output>
  <suite name="Default suite" duration-ms="18552" started-at="2015-10-30T09:19:20Z" finished-at="2015-10-30T09:19:39Z">
    <groups>
    </groups>
    <test name="Default test" duration-ms="18552" started-at="2015-10-30T09:19:20Z" finished-at="2015-10-30T09:19:39Z">
      <class name="com.sogeti.webshop.tests.acceptance.SearchAcceptanceTest">
        <test-method status="PASS" signature="testGoogle()[pri:0, instance:com.sogeti.webshop.tests.acceptance.SearchAcceptanceTest@6c7e6b26]" name="testGoogle" duration-ms="5335" started-at="2015-10-30T14:49:26Z" finished-at="2015-10-30T14:49:31Z">
          <reporter-output>
          </reporter-output>
        </test-method> <!-- testGoogle -->
      </class> <!-- com.sogeti.webshop.tests.acceptance.SearchAcceptanceTest -->
      <class name="com.sogeti.webshop.tests.acceptance.HomePageAcceptanceTest">
        <test-method status="PASS" signature="beforeTest()[pri:0, instance:com.sogeti.webshop.tests.acceptance.HomePageAcceptanceTest@6e3be05c]" name="beforeTest" is-config="true" duration-ms="3081" started-at="2015-10-30T14:49:20Z" finished-at="2015-10-30T14:49:23Z">
          <reporter-output>
          </reporter-output>
        </test-method> <!-- beforeTest -->
        <test-method status="PASS" signature="beforeTest()[pri:0, instance:com.sogeti.webshop.tests.acceptance.SearchAcceptanceTest@6c7e6b26]" name="beforeTest" is-config="true" duration-ms="2792" started-at="2015-10-30T14:49:23Z" finished-at="2015-10-30T14:49:26Z">
          <reporter-output>
          </reporter-output>
        </test-method> <!-- beforeTest -->
        <test-method status="PASS" signature="testHomePageLoad()[pri:0, instance:com.sogeti.webshop.tests.acceptance.HomePageAcceptanceTest@6e3be05c]" name="testHomePageLoad" duration-ms="4311" started-at="2015-10-30T14:49:31Z" finished-at="2015-10-30T14:49:36Z">
          <reporter-output>
          </reporter-output>
        </test-method> <!-- testHomePageLoad -->
        <test-method status="PASS" signature="afterTest()[pri:0, instance:com.sogeti.webshop.tests.acceptance.HomePageAcceptanceTest@6e3be05c]" name="afterTest" is-config="true" duration-ms="1589" started-at="2015-10-30T14:49:36Z" finished-at="2015-10-30T14:49:37Z">
          <reporter-output>
          </reporter-output>
        </test-method> <!-- afterTest -->
        <test-method status="PASS" signature="afterTest()[pri:0, instance:com.sogeti.webshop.tests.acceptance.SearchAcceptanceTest@6c7e6b26]" name="afterTest" is-config="true" duration-ms="1430" started-at="2015-10-30T14:49:37Z" finished-at="2015-10-30T14:49:39Z">
          <reporter-output>
          </reporter-output>
        </test-method> <!-- afterTest -->
      </class> <!-- com.sogeti.webshop.tests.acceptance.HomePageAcceptanceTest -->
    </test> <!-- Default test -->
  </suite> <!-- Default suite -->
</testng-results>
